----- Otter 3.3f, August 2004 -----
The process was started by root on www20363ui.sakura.ne.jp,
Sat Sep 24 10:03:14 2016
The command was "/root/automated_reasoning_puzzles/otter-scripts/otter".  The process ID is 4203.

set(binary_res).
   dependent: set(factor).
   dependent: set(unit_deletion).
set(order_history).
WARNING: assign(max_proofs,1) already has that value.
assign(max_proofs,1).
make_evaluable(_-_,$DIFF(_,_)).

list(usable).
1 [] -Achievable(bw,x,y)| -$GT(x,0)|Achievable(be,$DIFF(3,x),$DIFF(2,y)).
2 [] -Achievable(be,x,y)| -$GT(x,0)|Achievable(bw,$DIFF(3,x),$DIFF(2,y)).
3 [] -Achievable(bw,x,y)| -$GT(y,0)|Achievable(be,$DIFF(2,x),$DIFF(3,y)).
4 [] -Achievable(be,x,y)| -$GT(y,0)|Achievable(bw,$DIFF(2,x),$DIFF(3,y)).
5 [] -Achievable(bw,x,y)| -$GT(y,1)|Achievable(be,$DIFF(2,x),$DIFF(4,y)).
6 [] -Achievable(be,x,y)| -$GT(y,1)|Achievable(bw,$DIFF(2,x),$DIFF(4,y)).
end_of_list.

list(sos).
7 [] Achievable(bw,2,2).
end_of_list.

list(passive).
8 [] -Achievable(be,2,2).
end_of_list.

======= end of input processing =======

=========== start of search ===========

given clause #1: (wt=4) 7 [] Achievable(bw,2,2).
** KEPT (pick-wt=4): 9 [binary,7.1,5.1,demod,propositional] Achievable(be,0,2).
** KEPT (pick-wt=4): 10 [binary,7.1,3.1,demod,propositional] Achievable(be,0,1).
** KEPT (pick-wt=4): 11 [binary,7.1,1.1,demod,propositional] Achievable(be,1,0).

given clause #2: (wt=4) 9 [binary,7.1,5.1,demod,propositional] Achievable(be,0,2).
** KEPT (pick-wt=4): 12 [binary,9.1,4.1,demod,propositional] Achievable(bw,2,1).

given clause #3: (wt=4) 10 [binary,7.1,3.1,demod,propositional] Achievable(be,0,1).

given clause #4: (wt=4) 11 [binary,7.1,1.1,demod,propositional] Achievable(be,1,0).

given clause #5: (wt=4) 12 [binary,9.1,4.1,demod,propositional] Achievable(bw,2,1).
** KEPT (pick-wt=4): 13 [binary,12.1,1.1,demod,propositional] Achievable(be,1,1).

given clause #6: (wt=4) 13 [binary,12.1,1.1,demod,propositional] Achievable(be,1,1).
** KEPT (pick-wt=4): 14 [binary,13.1,4.1,demod,propositional] Achievable(bw,1,2).

given clause #7: (wt=4) 14 [binary,13.1,4.1,demod,propositional] Achievable(bw,1,2).
** KEPT (pick-wt=4): 15 [binary,14.1,5.1,demod,propositional] Achievable(be,1,2).
** KEPT (pick-wt=4): 16 [binary,14.1,1.1,demod,propositional] Achievable(be,2,0).

given clause #8: (wt=4) 15 [binary,14.1,5.1,demod,propositional] Achievable(be,1,2).
** KEPT (pick-wt=4): 17 [binary,15.1,4.1,demod,propositional] Achievable(bw,1,1).
** KEPT (pick-wt=4): 18 [binary,15.1,2.1,demod,propositional] Achievable(bw,2,0).

given clause #9: (wt=4) 16 [binary,14.1,1.1,demod,propositional] Achievable(be,2,0).

given clause #10: (wt=4) 17 [binary,15.1,4.1,demod,propositional] Achievable(bw,1,1).
** KEPT (pick-wt=4): 19 [binary,17.1,1.1,demod,propositional] Achievable(be,2,1).

given clause #11: (wt=4) 18 [binary,15.1,2.1,demod,propositional] Achievable(bw,2,0).

given clause #12: (wt=4) 19 [binary,17.1,1.1,demod,propositional] Achievable(be,2,1).
** KEPT (pick-wt=4): 20 [binary,19.1,4.1,demod,propositional] Achievable(bw,0,2).

given clause #13: (wt=4) 20 [binary,19.1,4.1,demod,propositional] Achievable(bw,0,2).
** KEPT (pick-wt=4): 21 [binary,20.1,5.1,demod,propositional] Achievable(be,2,2).

----> UNIT CONFLICT at   0.00 sec ----> 22 [binary,21.1,8.1] $F.

Length of proof is 9.  Level of proof is 9.

---------------- PROOF ----------------

1 [] -Achievable(bw,x,y)| -$GT(x,0)|Achievable(be,$DIFF(3,x),$DIFF(2,y)).
4 [] -Achievable(be,x,y)| -$GT(y,0)|Achievable(bw,$DIFF(2,x),$DIFF(3,y)).
5 [] -Achievable(bw,x,y)| -$GT(y,1)|Achievable(be,$DIFF(2,x),$DIFF(4,y)).
7 [] Achievable(bw,2,2).
8 [] -Achievable(be,2,2).
9 [binary,7.1,5.1,demod,propositional] Achievable(be,0,2).
12 [binary,9.1,4.1,demod,propositional] Achievable(bw,2,1).
13 [binary,12.1,1.1,demod,propositional] Achievable(be,1,1).
14 [binary,13.1,4.1,demod,propositional] Achievable(bw,1,2).
15 [binary,14.1,5.1,demod,propositional] Achievable(be,1,2).
17 [binary,15.1,4.1,demod,propositional] Achievable(bw,1,1).
19 [binary,17.1,1.1,demod,propositional] Achievable(be,2,1).
20 [binary,19.1,4.1,demod,propositional] Achievable(bw,0,2).
21 [binary,20.1,5.1,demod,propositional] Achievable(be,2,2).
22 [binary,21.1,8.1] $F.

------------ end of proof -------------


Search stopped by max_proofs option.

============ end of search ============

-------------- statistics -------------
clauses given                 13
clauses generated             37
  binary_res generated        37
  factors generated            0
demod & eval rewrites        111
clauses wt,lit,sk delete       0
tautologies deleted           13
clauses forward subsumed      11
  (subsumed by sos)            0
unit deletions                 0
factor simplifications         0
clauses kept                  13
new demodulators               0
empty clauses                  1
clauses back demodulated       0
clauses back subsumed          0
usable size                   19
sos size                       1
demodulators size              0
passive size                   1
hot size                       0
Kbytes malloced              976

----------- times (seconds) -----------
user CPU time          0.00          (0 hr, 0 min, 0 sec)
system CPU time        0.00          (0 hr, 0 min, 0 sec)
wall-clock time        0             (0 hr, 0 min, 0 sec)

That finishes the proof of the theorem.

Process 4203 finished Sat Sep 24 10:03:14 2016
