----- Otter 3.3f, August 2004 -----
The process was started by root on www20363ui.sakura.ne.jp,
Fri Jul 22 22:44:07 2016
The command was "./otter".  The process ID is 15991.

set(hyper_res).

list(usable).
1 [] -P(x)|M(x).
end_of_list.

list(sos).
2 [] P(s).
end_of_list.

======= end of input processing =======

=========== start of search ===========

given clause #1: (wt=2) 2 [] P(s).
** KEPT (pick-wt=2): 3 [hyper,2,1] M(s).

given clause #2: (wt=2) 3 [hyper,2,1] M(s).

Search stopped because sos empty.

============ end of search ============

-------------- statistics -------------
clauses given                  2
clauses generated              1
  hyper_res generated          1
demod & eval rewrites          0
clauses wt,lit,sk delete       0
tautologies deleted            0
clauses forward subsumed       0
  (subsumed by sos)            0
unit deletions                 0
factor simplifications         0
clauses kept                   1
new demodulators               0
empty clauses                  0
clauses back demodulated       0
clauses back subsumed          0
usable size                    3
sos size                       0
demodulators size              0
passive size                   0
hot size                       0
Kbytes malloced              976

----------- times (seconds) -----------
user CPU time          0.00          (0 hr, 0 min, 0 sec)
system CPU time        0.00          (0 hr, 0 min, 0 sec)
wall-clock time        0             (0 hr, 0 min, 0 sec)

Process 15991 finished Fri Jul 22 22:44:07 2016
