----- Otter 3.3f, August 2004 -----
The process was started by root on www20363ui.sakura.ne.jp,
Mon Jul 25 12:25:59 2016
The command was "/root/automated_reasoning_puzzles/otter-scripts/otter".  The process ID is 4219.

set(demod_inf).
set(hyper_res).

list(sos).
1 [] n([G,R,N,D,G,N,G,R,N]).
2 [] n([D,G,R,N,G,N,D,G,R,N]).
end_of_list.

list(demodulators).
3 [] [R|y]=repeat(y).
4 [] [N|y]=name(y).
5 [] [G|x]=create([x]).
6 [] [D|x]=destroy([x]).
7 [] name([])=N.
8 [] repeat(N)=RN.
9 [] repeat([x|y])=[x,y,x,y].
10 [] create([x])=G*x.
11 [] name([x])=N*x.
12 [] [name(x*y)]=[N*x*y].
13 [] destroy([G*x])=D*G*x.
14 [] create([x,x])=[x,x].
15 [] repeat(name(x))=[x,x].
16 [] [[x,x]]=[x,x].
end_of_list.

======= end of input processing =======

=========== start of search ===========

given clause #1: (wt=20) 1 [] n([G,R,N,D,G,N,G,R,N]).
** KEPT (pick-wt=22): 17 [1,demod,4,7,3,8,5,10,4,5,12,10,6,13,4,3,15,5,16,14] n([D*G*N*G*RN,D*G*N*G*RN]).

given clause #2: (wt=22) 2 [] n([D,G,R,N,G,N,D,G,R,N]).
** KEPT (pick-wt=23): 18 [2,demod,4,7,3,8,5,10,6,13,4,5,12,10,4,3,15,5,16,14,6,16] n(destroy([G*N*D*G*RN,G*N*D*G*RN])).

given clause #3: (wt=22) 17 [1,demod,4,7,3,8,5,10,4,5,12,10,6,13,4,3,15,5,16,14] n([D*G*N*G*RN,D*G*N*G*RN]).

given clause #4: (wt=23) 18 [2,demod,4,7,3,8,5,10,6,13,4,5,12,10,4,3,15,5,16,14,6,16] n(destroy([G*N*D*G*RN,G*N*D*G*RN])).

Search stopped because sos empty.

============ end of search ============

-------------- statistics -------------
clauses given                  4
clauses generated              4
  hyper_res generated          0
  demod_inf generated          4
demod & eval rewrites         38
clauses wt,lit,sk delete       0
tautologies deleted            0
clauses forward subsumed       2
  (subsumed by sos)            0
unit deletions                 0
factor simplifications         0
clauses kept                   2
new demodulators               0
empty clauses                  0
clauses back demodulated       0
clauses back subsumed          0
usable size                    4
sos size                       0
demodulators size             14
passive size                   0
hot size                       0
Kbytes malloced              976

----------- times (seconds) -----------
user CPU time          0.00          (0 hr, 0 min, 0 sec)
system CPU time        0.00          (0 hr, 0 min, 0 sec)
wall-clock time        0             (0 hr, 0 min, 0 sec)

Process 4219 finished Mon Jul 25 12:25:59 2016
