----- Otter 3.3f, August 2004 -----
The process was started by root on www20363ui.sakura.ne.jp,
Mon Jul 25 11:36:37 2016
The command was "/root/automated_reasoning_puzzles/otter-scripts/otter".  The process ID is 3417.

set(hyper_res).

list(sos).
1 [] n([G,R,N,G,N,G,R,N],[]).
2 [] n([G,N,G,R,N,G,N,G,R,N],[]).
end_of_list.

list(usable).
3 [] -n([G|x],[])|n(G*x,[]).
4 [] -n(G*[N|x],[])|n(GN*x,[]).
5 [] -n(G*[R|x],[])|n(G*R*x,[]).
6 [] -n(G*R*[N|x],[])|n(GRN*x,[]).
7 [] -n(GN*x,[])|m([],x).
8 [] -n(GRN*x,[])|m([],[x,x]).
end_of_list.

list(demodulators).
9 [] [[x]*[y]]=[x,y].
10 [] [x]*[y]=[x,y].
11 [] [[x],[y]]=[x,y].
end_of_list.

======= end of input processing =======

=========== start of search ===========

given clause #1: (wt=19) 1 [] n([G,R,N,G,N,G,R,N],[]).
** KEPT (pick-wt=19): 12 [hyper,1,3] n(G*[R,N,G,N,G,R,N],[]).

given clause #2: (wt=19) 12 [hyper,1,3] n(G*[R,N,G,N,G,R,N],[]).
** KEPT (pick-wt=19): 13 [hyper,12,5] n(G*R*[N,G,N,G,R,N],[]).

given clause #3: (wt=19) 13 [hyper,12,5] n(G*R*[N,G,N,G,R,N],[]).
** KEPT (pick-wt=15): 14 [hyper,13,6] n(GRN*[G,N,G,R,N],[]).

given clause #4: (wt=15) 14 [hyper,13,6] n(GRN*[G,N,G,R,N],[]).
** KEPT (pick-wt=27): 15 [hyper,14,8] m([],[[G,N,G,R,N],[G,N,G,R,N]]).

given clause #5: (wt=23) 2 [] n([G,N,G,R,N,G,N,G,R,N],[]).
** KEPT (pick-wt=23): 16 [hyper,2,3] n(G*[N,G,R,N,G,N,G,R,N],[]).

given clause #6: (wt=23) 16 [hyper,2,3] n(G*[N,G,R,N,G,N,G,R,N],[]).
** KEPT (pick-wt=21): 17 [hyper,16,4] n(GN*[G,R,N,G,N,G,R,N],[]).

given clause #7: (wt=21) 17 [hyper,16,4] n(GN*[G,R,N,G,N,G,R,N],[]).
** KEPT (pick-wt=19): 18 [hyper,17,7] m([],[G,R,N,G,N,G,R,N]).

given clause #8: (wt=19) 18 [hyper,17,7] m([],[G,R,N,G,N,G,R,N]).

given clause #9: (wt=27) 15 [hyper,14,8] m([],[[G,N,G,R,N],[G,N,G,R,N]]).

Search stopped because sos empty.

============ end of search ============

-------------- statistics -------------
clauses given                  9
clauses generated              7
  hyper_res generated          7
demod & eval rewrites          0
clauses wt,lit,sk delete       0
tautologies deleted            0
clauses forward subsumed       0
  (subsumed by sos)            0
unit deletions                 0
factor simplifications         0
clauses kept                   7
new demodulators               0
empty clauses                  0
clauses back demodulated       0
clauses back subsumed          0
usable size                   15
sos size                       0
demodulators size              3
passive size                   0
hot size                       0
Kbytes malloced             1953

----------- times (seconds) -----------
user CPU time          0.00          (0 hr, 0 min, 0 sec)
system CPU time        0.00          (0 hr, 0 min, 0 sec)
wall-clock time        0             (0 hr, 0 min, 0 sec)

Process 3417 finished Mon Jul 25 11:36:37 2016
