----- Otter 3.3f, August 2004 -----
The process was started by root on www20363ui.sakura.ne.jp,
Mon Aug 22 13:00:14 2016
The command was "/root/automated_reasoning_puzzles/otter-scripts/otter".  The process ID is 21215.

set(hyper_res).
set(demod_inf).

list(sos).
1 [] n([G,N,A,T]).
end_of_list.

list(demodulators).
2 [] [G|x]=[G*x].
3 [] G*[N|x]=[GN*x].
4 [] [GN*x]=generate(x).
end_of_list.

list(passive).
5 [] -n([generate(x)]).
end_of_list.

======= end of input processing =======

=========== start of search ===========

given clause #1: (wt=10) 1 [] n([G,N,A,T]).
** KEPT (pick-wt=9): 6 [1,demod,2,3,4] n([generate([A,T])]).

----> UNIT CONFLICT at   0.00 sec ----> 7 [binary,6.1,5.1] $F.

Length of proof is 1.  Level of proof is 1.

---------------- PROOF ----------------

1 [] n([G,N,A,T]).
2 [] [G|x]=[G*x].
3 [] G*[N|x]=[GN*x].
4 [] [GN*x]=generate(x).
5 [] -n([generate(x)]).
6 [1,demod,2,3,4] n([generate([A,T])]).
7 [binary,6.1,5.1] $F.

------------ end of proof -------------


Search stopped by max_proofs option.

============ end of search ============

-------------- statistics -------------
clauses given                  1
clauses generated              1
  hyper_res generated          0
  demod_inf generated          1
demod & eval rewrites          3
clauses wt,lit,sk delete       0
tautologies deleted            0
clauses forward subsumed       0
  (subsumed by sos)            0
unit deletions                 0
factor simplifications         0
clauses kept                   1
new demodulators               0
empty clauses                  1
clauses back demodulated       0
clauses back subsumed          0
usable size                    1
sos size                       1
demodulators size              3
passive size                   1
hot size                       0
Kbytes malloced              976

----------- times (seconds) -----------
user CPU time          0.00          (0 hr, 0 min, 0 sec)
system CPU time        0.00          (0 hr, 0 min, 0 sec)
wall-clock time        0             (0 hr, 0 min, 0 sec)

That finishes the proof of the theorem.

Process 21215 finished Mon Aug 22 13:00:14 2016
