----- Otter 3.3f, August 2004 -----
The process was started by root on flare-OptiPlex-3020M,
Sat Dec 31 20:21:38 2016
The command was "otter".  The process ID is 6138.

set(para_into).

list(usable).
1 [] father(ichiro)=taro.
end_of_list.

list(sos).
2 [] Grandmother(mother(father(x)),x).
end_of_list.

list(demodulators).
3 [] mother(taro)=hanako.
end_of_list.

======= end of input processing =======

=========== start of search ===========

given clause #1: (wt=5) 2 [] Grandmother(mother(father(x)),x).
** KEPT (pick-wt=3): 4 [para_into,2.1.1.1,1.1.1,demod,3] Grandmother(hanako,ichiro).

given clause #2: (wt=3) 4 [para_into,2.1.1.1,1.1.1,demod,3] Grandmother(hanako,ichiro).

Search stopped because sos empty.

============ end of search ============

-------------- statistics -------------
clauses given                  2
clauses generated              1
  para_into generated          1
demod & eval rewrites          1
clauses wt,lit,sk delete       0
tautologies deleted            0
clauses forward subsumed       0
  (subsumed by sos)            0
unit deletions                 0
factor simplifications         0
clauses kept                   1
new demodulators               0
empty clauses                  0
clauses back demodulated       0
clauses back subsumed          0
usable size                    3
sos size                       0
demodulators size              1
passive size                   0
hot size                       0
Kbytes malloced              976

----------- times (seconds) -----------
user CPU time          0.00          (0 hr, 0 min, 0 sec)
system CPU time        0.00          (0 hr, 0 min, 0 sec)
wall-clock time        0             (0 hr, 0 min, 0 sec)

Process 6138 finished Sat Dec 31 20:21:38 2016
