----- Otter 3.3f, August 2004 -----
The process was started by root on www20363ui.sakura.ne.jp,
Thu Sep 22 11:29:11 2016
The command was "/root/automated_reasoning_puzzles/otter-scripts/otter".  The process ID is 2702.

set(hyper_res).
set(demod_inf).
op(900,xfx,||).
op(900,xfx,&&).
make_evaluable(_&&_,$AND(_,_)).
make_evaluable(_||_,$OR(_,_)).

list(usable).
1 [] -vampire(x)| -sane(x)| -says(x,P(y))|lie(P(y)).
2 [] -vampire(x)| -mad(x)| -says(x,P(y))|true(P(y)).
3 [] -human(x)| -sane(x)| -says(x,P(y))|true(P(y)).
4 [] -human(x)| -mad(x)| -says(x,P(y))|lie(P(y)).
5 [] -vampire(x)|human(not(x)).
6 [] -human(x)|vampire(not(x)).
7 [] -says(x,P(z))| -says(y,P(z))|sane(x)|mad(not(x)).
8 [] -says(x,P(z))| -says(y,P(z))|mad(x)|mad(not(x)).
9 [] -true(P($OR(mad(x),mad(y))))|mad(x)|mad(not(x)).
10 [] -true(P($OR(mad(x),mad(y))))|sane(x)|sane(not(x)).
11 [] -mad(x)| -true(P(y))|vampire(x).
12 [] -sane(x)| -true(P(y))|human(x).
end_of_list.

list(sos).
13 [] says(A,P(human(A))).
14 [] says(B,P(human(B))).
15 [] says(A,mad(B)).
16 [] human(A)|vampire(A).
17 [] human(B)|vampire(B).
end_of_list.

list(demodulators).
18 [] not(A)=B.
19 [] not(B)=A.
end_of_list.

======= end of input processing =======

=========== start of search ===========

given clause #1: (wt=4) 15 [] says(A,mad(B)).

given clause #2: (wt=4) 16 [] human(A)|vampire(A).
** KEPT (pick-wt=4): 20 [hyper,16,5,demod,18] human(A)|human(B).

given clause #3: (wt=4) 17 [] human(B)|vampire(B).

given clause #4: (wt=4) 20 [hyper,16,5,demod,18] human(A)|human(B).

given clause #5: (wt=5) 13 [] says(A,P(human(A))).
** KEPT (pick-wt=4): 21 [hyper,13,8,13,demod,18] mad(A)|mad(B).
** KEPT (pick-wt=4): 22 [hyper,13,7,13,demod,18] sane(A)|mad(B).

given clause #6: (wt=4) 21 [hyper,13,8,13,demod,18] mad(A)|mad(B).
** KEPT (pick-wt=8): 23 [hyper,21,4,20,13] mad(B)|lie(P(human(A)))|human(B).
** KEPT (pick-wt=8): 24 [hyper,21,2,16,13] mad(B)|true(P(human(A)))|human(A).

given clause #7: (wt=4) 22 [hyper,13,7,13,demod,18] sane(A)|mad(B).
** KEPT (pick-wt=8): 25 [hyper,22,3,20,13] mad(B)|true(P(human(A)))|human(B).
** KEPT (pick-wt=8): 26 [hyper,22,1,16,13] mad(B)|lie(P(human(A)))|human(A).

given clause #8: (wt=5) 14 [] says(B,P(human(B))).
** KEPT (pick-wt=4): 27 [hyper,14,7,14,demod,19] sane(B)|mad(A).
** KEPT (pick-wt=8): 28 [hyper,14,4,20,21] lie(P(human(B)))|human(A)|mad(A).
** KEPT (pick-wt=8): 29 [hyper,14,2,17,21] true(P(human(B)))|human(B)|mad(A).

given clause #9: (wt=4) 27 [hyper,14,7,14,demod,19] sane(B)|mad(A).
** KEPT (pick-wt=8): 30 [hyper,27,3,20,14] mad(A)|true(P(human(B)))|human(A).
** KEPT (pick-wt=8): 31 [hyper,27,1,17,14] mad(A)|lie(P(human(B)))|human(B).

given clause #10: (wt=8) 23 [hyper,21,4,20,13] mad(B)|lie(P(human(A)))|human(B).
** KEPT (pick-wt=10): 32 [hyper,23,2,17,14] lie(P(human(A)))|human(B)|true(P(human(B))).

given clause #11: (wt=8) 24 [hyper,21,2,16,13] mad(B)|true(P(human(A)))|human(A).
** KEPT (pick-wt=4): 33 [hyper,24,12,22] mad(B)|human(A).
33 back subsumes 26.
33 back subsumes 24.

given clause #12: (wt=4) 33 [hyper,24,12,22] mad(B)|human(A).
** KEPT (pick-wt=6): 34 [hyper,33,4,20,14] human(A)|lie(P(human(B))).
34 back subsumes 28.

given clause #13: (wt=6) 34 [hyper,33,4,20,14] human(A)|lie(P(human(B))).

given clause #14: (wt=8) 25 [hyper,22,3,20,13] mad(B)|true(P(human(A)))|human(B).
** KEPT (pick-wt=6): 35 [hyper,25,11,21] mad(B)|human(B)|vampire(A).

given clause #15: (wt=6) 35 [hyper,25,11,21] mad(B)|human(B)|vampire(A).
** KEPT (pick-wt=4): 36 [hyper,35,5,demod,18] mad(B)|human(B).
36 back subsumes 35.
36 back subsumes 25.
36 back subsumes 23.

given clause #16: (wt=4) 36 [hyper,35,5,demod,18] mad(B)|human(B).
** KEPT (pick-wt=6): 37 [hyper,36,2,17,14] human(B)|true(P(human(B))).
37 back subsumes 32.
37 back subsumes 29.

given clause #17: (wt=6) 37 [hyper,36,2,17,14] human(B)|true(P(human(B))).
** KEPT (pick-wt=4): 38 [hyper,37,12,27] human(B)|mad(A).
38 back subsumes 31.

given clause #18: (wt=4) 38 [hyper,37,12,27] human(B)|mad(A).
** KEPT (pick-wt=4): 39 [hyper,38,11,37] human(B)|vampire(A).
** KEPT (pick-wt=6): 40 [hyper,38,4,20,13] human(B)|lie(P(human(A))).

given clause #19: (wt=4) 39 [hyper,38,11,37] human(B)|vampire(A).
** KEPT (pick-wt=2): 41 [hyper,39,5,demod,18] human(B).
41 back subsumes 40.
41 back subsumes 39.
41 back subsumes 38.
41 back subsumes 37.
41 back subsumes 36.
41 back subsumes 20.
41 back subsumes 17.

given clause #20: (wt=2) 41 [hyper,39,5,demod,18] human(B).
** KEPT (pick-wt=2): 42 [hyper,41,6,demod,19] vampire(A).
** KEPT (pick-wt=6): 43 [hyper,41,4,21,14] lie(P(human(B)))|mad(A).
** KEPT (pick-wt=6): 44 [hyper,41,3,27,14] true(P(human(B)))|mad(A).
42 back subsumes 16.
44 back subsumes 30.

given clause #21: (wt=2) 42 [hyper,41,6,demod,19] vampire(A).
** KEPT (pick-wt=6): 45 [hyper,42,2,21,13] true(P(human(A)))|mad(B).
** KEPT (pick-wt=6): 46 [hyper,42,1,22,13] lie(P(human(A)))|mad(B).

given clause #22: (wt=6) 43 [hyper,41,4,21,14] lie(P(human(B)))|mad(A).
** KEPT (pick-wt=8): 47 [hyper,43,2,42,13] lie(P(human(B)))|true(P(human(A))).

given clause #23: (wt=6) 44 [hyper,41,3,27,14] true(P(human(B)))|mad(A).
** KEPT (pick-wt=6): 48 [hyper,44,11,33] mad(A)|vampire(B)|human(A).
** KEPT (pick-wt=4): 49 [hyper,44,11,21] mad(A)|vampire(B).
49 back subsumes 48.

given clause #24: (wt=4) 49 [hyper,44,11,21] mad(A)|vampire(B).
** KEPT (pick-wt=4): 50 [hyper,49,5,demod,19] mad(A)|human(A).

given clause #25: (wt=4) 50 [hyper,49,5,demod,19] mad(A)|human(A).
** KEPT (pick-wt=6): 51 [hyper,50,2,42,13] human(A)|true(P(human(A))).

given clause #26: (wt=6) 45 [hyper,42,2,21,13] true(P(human(A)))|mad(B).

given clause #27: (wt=6) 46 [hyper,42,1,22,13] lie(P(human(A)))|mad(B).
** KEPT (pick-wt=8): 52 [hyper,46,4,41,14] lie(P(human(A)))|lie(P(human(B))).

given clause #28: (wt=6) 51 [hyper,50,2,42,13] human(A)|true(P(human(A))).
** KEPT (pick-wt=8): 53 [hyper,51,11,46] human(A)|vampire(B)|lie(P(human(A))).
** KEPT (pick-wt=4): 54 [hyper,51,11,33] human(A)|vampire(B).
54 back subsumes 53.

given clause #29: (wt=4) 54 [hyper,51,11,33] human(A)|vampire(B).
** KEPT (pick-wt=2): 55 [hyper,54,5,demod,19] human(A).
55 back subsumes 54.
55 back subsumes 51.
55 back subsumes 50.
55 back subsumes 34.
55 back subsumes 33.

given clause #30: (wt=2) 55 [hyper,54,5,demod,19] human(A).
** KEPT (pick-wt=2): 56 [hyper,55,6,demod,18] vampire(B).
56 back subsumes 49.

given clause #31: (wt=2) 56 [hyper,55,6,demod,18] vampire(B).
** KEPT (pick-wt=8): 57 [hyper,56,2,46,14] true(P(human(B)))|lie(P(human(A))).

given clause #32: (wt=8) 47 [hyper,43,2,42,13] lie(P(human(B)))|true(P(human(A))).

given clause #33: (wt=8) 52 [hyper,46,4,41,14] lie(P(human(A)))|lie(P(human(B))).

given clause #34: (wt=8) 57 [hyper,56,2,46,14] true(P(human(B)))|lie(P(human(A))).

Search stopped because sos empty.

============ end of search ============

-------------- statistics -------------
clauses given                 34
clauses generated            147
  hyper_res generated        117
  demod_inf generated         30
demod & eval rewrites         20
clauses wt,lit,sk delete       0
tautologies deleted            0
clauses forward subsumed     109
  (subsumed by sos)           20
unit deletions                 0
factor simplifications         0
clauses kept                  38
new demodulators               0
empty clauses                  0
clauses back demodulated       0
clauses back subsumed         26
usable size                   29
sos size                       0
demodulators size              2
passive size                   0
hot size                       0
Kbytes malloced              976

----------- times (seconds) -----------
user CPU time          0.00          (0 hr, 0 min, 0 sec)
system CPU time        0.00          (0 hr, 0 min, 0 sec)
wall-clock time        0             (0 hr, 0 min, 0 sec)

Process 2702 finished Thu Sep 22 11:29:11 2016
